<?xml version="1.0" encoding="UTF-8"?>
<!-- Generated by org.testng.reporters.JUnitXMLReporter -->
<testsuite ignored="0" hostname="LAPTOP-0BM7V6P5" failures="0" tests="6" name="Command line test" time="0.086" errors="0" timestamp="2021-08-11T04:02:59 IST">
  <testcase classname="SeleniumMVN.appiumTest" name="android" time="0.009"/>
  <testcase classname="SeleniumMVN.appiumTest" name="iosapp" time="0.001"/>
  <testcase classname="SeleniumMVN.restApiTest" name="Postjira" time="0.0"/>
  <testcase classname="SeleniumMVN.restApiTest" name="deleteTwitter" time="0.0"/>
  <testcase classname="SeleniumMVN.seleniumTest" name="WebElementUi" time="0.0"/>
  <testcase classname="SeleniumMVN.seleniumTest" name="browserAutomation" time="0.001"/>
</testsuite> <!-- Command line test -->
