<?xml version="1.0" encoding="UTF-8"?>
<!-- Generated by org.testng.reporters.JUnitXMLReporter -->
<testsuite ignored="0" hostname="LAPTOP-0BM7V6P5" failures="0" tests="4" name="Test" time="0.084" errors="0" timestamp="2021-08-11T04:02:30 IST">
  <testcase classname="SeleniumMVN.restApiTest" name="Postjira" time="0.007"/>
  <testcase classname="SeleniumMVN.restApiTest" name="deleteTwitter" time="0.001"/>
  <testcase classname="SeleniumMVN.appiumTest" name="android" time="0.0"/>
  <testcase classname="SeleniumMVN.appiumTest" name="iosapp" time="0.0"/>
</testsuite> <!-- Test -->
